[     128ms] [WARNING] ⚠️ React Router Future Flag Warning: React Router will begin wrapping state updates in `React.startTransition` in v7. You can use the `v7_startTransition` future flag to opt-in early. For more information, see https://reactrouter.com/v6/upgrading/future#v7_starttransition. @ http://localhost:3000/node_modules/.vite/deps/react-router-dom.js?v=2cc83882:4435
[   94550ms] TypeError: markersRef.current.push is not a function
    at http://localhost:3000/src/components/Map.tsx?t=1770441995083:145:26
    at Array.forEach (<anonymous>)
    at http://localhost:3000/src/components/Map.tsx?t=1770441995083:84:14
    at commitHookEffectListMount (http://localhost:3000/node_modules/.vite/deps/chunk-PJEEZAML.js?v=2cc83882:16915:34)
    at commitPassiveMountOnFiber (http://localhost:3000/node_modules/.vite/deps/chunk-PJEEZAML.js?v=2cc83882:18156:19)
    at commitPassiveMountEffects_complete (http://localhost:3000/node_modules/.vite/deps/chunk-PJEEZAML.js?v=2cc83882:18129:17)
    at commitPassiveMountEffects_begin (http://localhost:3000/node_modules/.vite/deps/chunk-PJEEZAML.js?v=2cc83882:18119:15)
    at commitPassiveMountEffects (http://localhost:3000/node_modules/.vite/deps/chunk-PJEEZAML.js?v=2cc83882:18109:11)
    at flushPassiveEffectsImpl (http://localhost:3000/node_modules/.vite/deps/chunk-PJEEZAML.js?v=2cc83882:19490:11)
    at flushPassiveEffects (http://localhost:3000/node_modules/.vite/deps/chunk-PJEEZAML.js?v=2cc83882:19447:22)
[   94553ms] [ERROR] Error handled by React Router default ErrorBoundary: TypeError: markersRef.current.push is not a function
    at http://localhost:3000/src/components/Map.tsx?t=1770441995083:145:26
    at Array.forEach (<anonymous>)
    at http://localhost:3000/src/components/Map.tsx?t=1770441995083:84:14
    at commitHookEffectListMount (http://localhost:3000/node_modules/.vite/deps/chunk-PJEEZAML.js?v=2cc83882:16915:34)
    at commitPassiveMountOnFiber (http://localhost:3000/node_modules/.vite/deps/chunk-PJEEZAML.js?v=2cc83882:18156:19)
    at commitPassiveMountEffects_complete (http://localhost:3000/node_modules/.vite/deps/chunk-PJEEZAML.js?v=2cc83882:18129:17)
    at commitPassiveMountEffects_begin (http://localhost:3000/node_modules/.vite/deps/chunk-PJEEZAML.js?v=2cc83882:18119:15)
    at commitPassiveMountEffects (http://localhost:3000/node_modules/.vite/deps/chunk-PJEEZAML.js?v=2cc83882:18109:11)
    at flushPassiveEffectsImpl (http://localhost:3000/node_modules/.vite/deps/chunk-PJEEZAML.js?v=2cc83882:19490:11)
    at flushPassiveEffects (http://localhost:3000/node_modules/.vite/deps/chunk-PJEEZAML.js?v=2cc83882:19447:22) @ http://localhost:3000/node_modules/.vite/deps/react-router-dom.js?v=2cc83882:4072
[   94553ms] [ERROR] Error handled by React Router default ErrorBoundary: TypeError: markersRef.current.push is not a function
    at http://localhost:3000/src/components/Map.tsx?t=1770441995083:145:26
    at Array.forEach (<anonymous>)
    at http://localhost:3000/src/components/Map.tsx?t=1770441995083:84:14
    at commitHookEffectListMount (http://localhost:3000/node_modules/.vite/deps/chunk-PJEEZAML.js?v=2cc83882:16915:34)
    at commitPassiveMountOnFiber (http://localhost:3000/node_modules/.vite/deps/chunk-PJEEZAML.js?v=2cc83882:18156:19)
    at commitPassiveMountEffects_complete (http://localhost:3000/node_modules/.vite/deps/chunk-PJEEZAML.js?v=2cc83882:18129:17)
    at commitPassiveMountEffects_begin (http://localhost:3000/node_modules/.vite/deps/chunk-PJEEZAML.js?v=2cc83882:18119:15)
    at commitPassiveMountEffects (http://localhost:3000/node_modules/.vite/deps/chunk-PJEEZAML.js?v=2cc83882:18109:11)
    at flushPassiveEffectsImpl (http://localhost:3000/node_modules/.vite/deps/chunk-PJEEZAML.js?v=2cc83882:19490:11)
    at flushPassiveEffects (http://localhost:3000/node_modules/.vite/deps/chunk-PJEEZAML.js?v=2cc83882:19447:22) @ http://localhost:3000/node_modules/.vite/deps/react-router-dom.js?v=2cc83882:4072
[   94557ms] [ERROR] The above error occurred in the <Map> component:

    at Map (http://localhost:3000/src/components/Map.tsx?t=1770441995083:22:3)
    at main
    at div
    at MapPage (http://localhost:3000/src/pages/MapPage.tsx?t=1770441894083:30:35)
    at div
    at main
    at div
    at div
    at AppShell (http://localhost:3000/src/shell/AppShell.tsx?t=1770439653302:24:28)
    at ProtectedRoute (http://localhost:3000/src/lib/ProtectedRoute.tsx:20:34)
    at RenderedRoute (http://localhost:3000/node_modules/.vite/deps/react-router-dom.js?v=2cc83882:4131:5)
    at RenderErrorBoundary (http://localhost:3000/node_modules/.vite/deps/react-router-dom.js?v=2cc83882:4091:5)
    at DataRoutes (http://localhost:3000/node_modules/.vite/deps/react-router-dom.js?v=2cc83882:5282:5)
    at Router (http://localhost:3000/node_modules/.vite/deps/react-router-dom.js?v=2cc83882:4544:15)
    at RouterProvider (http://localhost:3000/node_modules/.vite/deps/react-router-dom.js?v=2cc83882:5096:5)

React will try to recreate this component tree from scratch using the error boundary you provided, RenderErrorBoundary. @ http://localhost:3000/node_modules/.vite/deps/chunk-PJEEZAML.js?v=2cc83882:14031
[   94557ms] [ERROR] React Router caught the following error during render TypeError: markersRef.current.push is not a function
    at http://localhost:3000/src/components/Map.tsx?t=1770441995083:145:26
    at Array.forEach (<anonymous>)
    at http://localhost:3000/src/components/Map.tsx?t=1770441995083:84:14
    at commitHookEffectListMount (http://localhost:3000/node_modules/.vite/deps/chunk-PJEEZAML.js?v=2cc83882:16915:34)
    at commitPassiveMountOnFiber (http://localhost:3000/node_modules/.vite/deps/chunk-PJEEZAML.js?v=2cc83882:18156:19)
    at commitPassiveMountEffects_complete (http://localhost:3000/node_modules/.vite/deps/chunk-PJEEZAML.js?v=2cc83882:18129:17)
    at commitPassiveMountEffects_begin (http://localhost:3000/node_modules/.vite/deps/chunk-PJEEZAML.js?v=2cc83882:18119:15)
    at commitPassiveMountEffects (http://localhost:3000/node_modules/.vite/deps/chunk-PJEEZAML.js?v=2cc83882:18109:11)
    at flushPassiveEffectsImpl (http://localhost:3000/node_modules/.vite/deps/chunk-PJEEZAML.js?v=2cc83882:19490:11)
    at flushPassiveEffects (http://localhost:3000/node_modules/.vite/deps/chunk-PJEEZAML.js?v=2cc83882:19447:22) {componentStack: 
    at Map (http://localhost:3000/src/components/….vite/deps/react-router-dom.js?v=2cc83882:5096:5)} @ http://localhost:3000/node_modules/.vite/deps/react-router-dom.js?v=2cc83882:4117
