[  585754ms] [ERROR] Warning: Maximum update depth exceeded. This can happen when a component calls setState inside useEffect, but useEffect either doesn't have a dependency array, or one of the dependencies changes on every render. @ http://localhost:3000/node_modules/.vite/deps/chunk-PJEEZAML.js?v=2cc83882:520
[  586912ms] [ERROR] Warning: Maximum update depth exceeded. This can happen when a component calls setState inside useEffect, but useEffect either doesn't have a dependency array, or one of the dependencies changes on every render. @ http://localhost:3000/node_modules/.vite/deps/chunk-PJEEZAML.js?v=2cc83882:520
[  588095ms] [ERROR] Warning: Maximum update depth exceeded. This can happen when a component calls setState inside useEffect, but useEffect either doesn't have a dependency array, or one of the dependencies changes on every render. @ http://localhost:3000/node_modules/.vite/deps/chunk-PJEEZAML.js?v=2cc83882:520
[  589157ms] [ERROR] Warning: Maximum update depth exceeded. This can happen when a component calls setState inside useEffect, but useEffect either doesn't have a dependency array, or one of the dependencies changes on every render. @ http://localhost:3000/node_modules/.vite/deps/chunk-PJEEZAML.js?v=2cc83882:520
[  590324ms] [ERROR] Warning: Maximum update depth exceeded. This can happen when a component calls setState inside useEffect, but useEffect either doesn't have a dependency array, or one of the dependencies changes on every render. @ http://localhost:3000/node_modules/.vite/deps/chunk-PJEEZAML.js?v=2cc83882:520
[  591343ms] [ERROR] Warning: Maximum update depth exceeded. This can happen when a component calls setState inside useEffect, but useEffect either doesn't have a dependency array, or one of the dependencies changes on every render. @ http://localhost:3000/node_modules/.vite/deps/chunk-PJEEZAML.js?v=2cc83882:520
[  592305ms] [ERROR] Warning: Maximum update depth exceeded. This can happen when a component calls setState inside useEffect, but useEffect either doesn't have a dependency array, or one of the dependencies changes on every render. @ http://localhost:3000/node_modules/.vite/deps/chunk-PJEEZAML.js?v=2cc83882:520
[  593344ms] [ERROR] Warning: Maximum update depth exceeded. This can happen when a component calls setState inside useEffect, but useEffect either doesn't have a dependency array, or one of the dependencies changes on every render. @ http://localhost:3000/node_modules/.vite/deps/chunk-PJEEZAML.js?v=2cc83882:520
[  594298ms] [ERROR] Warning: Maximum update depth exceeded. This can happen when a component calls setState inside useEffect, but useEffect either doesn't have a dependency array, or one of the dependencies changes on every render. @ http://localhost:3000/node_modules/.vite/deps/chunk-PJEEZAML.js?v=2cc83882:520
[  595155ms] [ERROR] Warning: Maximum update depth exceeded. This can happen when a component calls setState inside useEffect, but useEffect either doesn't have a dependency array, or one of the dependencies changes on every render. @ http://localhost:3000/node_modules/.vite/deps/chunk-PJEEZAML.js?v=2cc83882:520
[  596085ms] [ERROR] Warning: Maximum update depth exceeded. This can happen when a component calls setState inside useEffect, but useEffect either doesn't have a dependency array, or one of the dependencies changes on every render. @ http://localhost:3000/node_modules/.vite/deps/chunk-PJEEZAML.js?v=2cc83882:520
[  596968ms] [ERROR] Warning: Maximum update depth exceeded. This can happen when a component calls setState inside useEffect, but useEffect either doesn't have a dependency array, or one of the dependencies changes on every render.%s 
    at Map (http://localhost:3000/src/components/Map.tsx?t=1770441343813:22:3)
    at main
    at div
    at MapPage (http://localhost:3000/src/pages/MapPage.tsx?t=1770441343755:30:35)
    at div
    at main
    at div
    at div
    at AppShell (http://localhost:3000/src/shell/AppShell.tsx?t=1770439653302:24:28)
    at ProtectedRoute (http://localhost:3000/src/lib/ProtectedRoute.tsx:20:34)
    at RenderedRoute (http://localhost:3000/node_modules/.vite/deps/react-router-dom.js?v=2cc83882:4131:5)
    at RenderErrorBoundary (http://localhost:3000/node_modules/.vite/deps/react-router-dom.js?v=2cc83882:4091:5)
    at DataRoutes (http://localhost:3000/node_modules/.vite/deps/react-router-dom.js?v=2cc83882:5282:5)
    at Router (http://localhost:3000/node_modules/.vite/deps/react-router-dom.js?v=2cc83882:4544:15)
    at RouterProvider (http://localhost:3000/node_modules/.vite/deps/react-router-dom.js?v=2cc83882:5096:5) @ http://localhost:3000/node_modules/.vite/deps/chunk-PJEEZAML.js?v=2cc83882:520
[  597825ms] [ERROR] Warning: Maximum update depth exceeded. This can happen when a component calls setState inside useEffect, but useEffect either doesn't have a dependency array, or one of the dependencies changes on every render. @ http://localhost:3000/node_modules/.vite/deps/chunk-PJEEZAML.js?v=2cc83882:520
[  598637ms] [ERROR] Warning: Maximum update depth exceeded. This can happen when a component calls setState inside useEffect, but useEffect either doesn't have a dependency array, or one of the dependencies changes on every render. @ http://localhost:3000/node_modules/.vite/deps/chunk-PJEEZAML.js?v=2cc83882:520
[  599504ms] [ERROR] Warning: Maximum update depth exceeded. This can happen when a component calls setState inside useEffect, but useEffect either doesn't have a dependency array, or one of the dependencies changes on every render. @ http://localhost:3000/node_modules/.vite/deps/chunk-PJEEZAML.js?v=2cc83882:520
[  600309ms] [ERROR] Warning: Maximum update depth exceeded. This can happen when a component calls setState inside useEffect, but useEffect either doesn't have a dependency array, or one of the dependencies changes on every render. @ http://localhost:3000/node_modules/.vite/deps/chunk-PJEEZAML.js?v=2cc83882:520
[  601171ms] [ERROR] Warning: Maximum update depth exceeded. This can happen when a component calls setState inside useEffect, but useEffect either doesn't have a dependency array, or one of the dependencies changes on every render. @ http://localhost:3000/node_modules/.vite/deps/chunk-PJEEZAML.js?v=2cc83882:520
[  601958ms] [ERROR] Warning: Maximum update depth exceeded. This can happen when a component calls setState inside useEffect, but useEffect either doesn't have a dependency array, or one of the dependencies changes on every render. @ http://localhost:3000/node_modules/.vite/deps/chunk-PJEEZAML.js?v=2cc83882:520
[  602809ms] [ERROR] Warning: Maximum update depth exceeded. This can happen when a component calls setState inside useEffect, but useEffect either doesn't have a dependency array, or one of the dependencies changes on every render. @ http://localhost:3000/node_modules/.vite/deps/chunk-PJEEZAML.js?v=2cc83882:520
[  603557ms] [ERROR] Warning: Maximum update depth exceeded. This can happen when a component calls setState inside useEffect, but useEffect either doesn't have a dependency array, or one of the dependencies changes on every render. @ http://localhost:3000/node_modules/.vite/deps/chunk-PJEEZAML.js?v=2cc83882:520
[  604389ms] [ERROR] Warning: Maximum update depth exceeded. This can happen when a component calls setState inside useEffect, but useEffect either doesn't have a dependency array, or one of the dependencies changes on every render. @ http://localhost:3000/node_modules/.vite/deps/chunk-PJEEZAML.js?v=2cc83882:520
[  605253ms] [ERROR] Warning: Maximum update depth exceeded. This can happen when a component calls setState inside useEffect, but useEffect either doesn't have a dependency array, or one of the dependencies changes on every render. @ http://localhost:3000/node_modules/.vite/deps/chunk-PJEEZAML.js?v=2cc83882:520
[  606124ms] [ERROR] Warning: Maximum update depth exceeded. This can happen when a component calls setState inside useEffect, but useEffect either doesn't have a dependency array, or one of the dependencies changes on every render. @ http://localhost:3000/node_modules/.vite/deps/chunk-PJEEZAML.js?v=2cc83882:520
[  606945ms] [ERROR] Warning: Maximum update depth exceeded. This can happen when a component calls setState inside useEffect, but useEffect either doesn't have a dependency array, or one of the dependencies changes on every render. @ http://localhost:3000/node_modules/.vite/deps/chunk-PJEEZAML.js?v=2cc83882:520
[  607817ms] [ERROR] Warning: Maximum update depth exceeded. This can happen when a component calls setState inside useEffect, but useEffect either doesn't have a dependency array, or one of the dependencies changes on every render. @ http://localhost:3000/node_modules/.vite/deps/chunk-PJEEZAML.js?v=2cc83882:520
[  608676ms] [ERROR] Warning: Maximum update depth exceeded. This can happen when a component calls setState inside useEffect, but useEffect either doesn't have a dependency array, or one of the dependencies changes on every render. @ http://localhost:3000/node_modules/.vite/deps/chunk-PJEEZAML.js?v=2cc83882:520
[  609506ms] [ERROR] Warning: Maximum update depth exceeded. This can happen when a component calls setState inside useEffect, but useEffect either doesn't have a dependency array, or one of the dependencies changes on every render.%s 
    at Map (http://localhost:3000/src/components/Map.tsx?t=1770441343813:22:3)
    at main
    at div
    at MapPage (http://localhost:3000/src/pages/MapPage.tsx?t=1770441343755:30:35)
    at div
    at main
    at div
    at div
    at AppShell (http://localhost:3000/src/shell/AppShell.tsx?t=1770439653302:24:28)
    at ProtectedRoute (http://localhost:3000/src/lib/ProtectedRoute.tsx:20:34)
    at RenderedRoute (http://localhost:3000/node_modules/.vite/deps/react-router-dom.js?v=2cc83882:4131:5)
    at RenderErrorBoundary (http://localhost:3000/node_modules/.vite/deps/react-router-dom.js?v=2cc83882:4091:5)
    at DataRoutes (http://localhost:3000/node_modules/.vite/deps/react-router-dom.js?v=2cc83882:5282:5)
    at Router (http://localhost:3000/node_modules/.vite/deps/react-router-dom.js?v=2cc83882:4544:15)
    at RouterProvider (http://localhost:3000/node_modules/.vite/deps/react-router-dom.js?v=2cc83882:5096:5) @ http://localhost:3000/node_modules/.vite/deps/chunk-PJEEZAML.js?v=2cc83882:520
[  610444ms] [ERROR] Warning: Maximum update depth exceeded. This can happen when a component calls setState inside useEffect, but useEffect either doesn't have a dependency array, or one of the dependencies changes on every render. @ http://localhost:3000/node_modules/.vite/deps/chunk-PJEEZAML.js?v=2cc83882:520
[  611226ms] [ERROR] Warning: Maximum update depth exceeded. This can happen when a component calls setState inside useEffect, but useEffect either doesn't have a dependency array, or one of the dependencies changes on every render. @ http://localhost:3000/node_modules/.vite/deps/chunk-PJEEZAML.js?v=2cc83882:520
[  612136ms] [ERROR] Warning: Maximum update depth exceeded. This can happen when a component calls setState inside useEffect, but useEffect either doesn't have a dependency array, or one of the dependencies changes on every render. @ http://localhost:3000/node_modules/.vite/deps/chunk-PJEEZAML.js?v=2cc83882:520
[  612936ms] [ERROR] Warning: Maximum update depth exceeded. This can happen when a component calls setState inside useEffect, but useEffect either doesn't have a dependency array, or one of the dependencies changes on every render. @ http://localhost:3000/node_modules/.vite/deps/chunk-PJEEZAML.js?v=2cc83882:520
[  613726ms] [ERROR] Warning: Maximum update depth exceeded. This can happen when a component calls setState inside useEffect, but useEffect either doesn't have a dependency array, or one of the dependencies changes on every render. @ http://localhost:3000/node_modules/.vite/deps/chunk-PJEEZAML.js?v=2cc83882:520
[  614492ms] [ERROR] Warning: Maximum update depth exceeded. This can happen when a component calls setState inside useEffect, but useEffect either doesn't have a dependency array, or one of the dependencies changes on every render. @ http://localhost:3000/node_modules/.vite/deps/chunk-PJEEZAML.js?v=2cc83882:520
[  615378ms] [ERROR] Warning: Maximum update depth exceeded. This can happen when a component calls setState inside useEffect, but useEffect either doesn't have a dependency array, or one of the dependencies changes on every render. @ http://localhost:3000/node_modules/.vite/deps/chunk-PJEEZAML.js?v=2cc83882:520
[  616279ms] [ERROR] Warning: Maximum update depth exceeded. This can happen when a component calls setState inside useEffect, but useEffect either doesn't have a dependency array, or one of the dependencies changes on every render. @ http://localhost:3000/node_modules/.vite/deps/chunk-PJEEZAML.js?v=2cc83882:520
[  617260ms] [ERROR] Warning: Maximum update depth exceeded. This can happen when a component calls setState inside useEffect, but useEffect either doesn't have a dependency array, or one of the dependencies changes on every render. @ http://localhost:3000/node_modules/.vite/deps/chunk-PJEEZAML.js?v=2cc83882:520
[  618193ms] [ERROR] Warning: Maximum update depth exceeded. This can happen when a component calls setState inside useEffect, but useEffect either doesn't have a dependency array, or one of the dependencies changes on every render. @ http://localhost:3000/node_modules/.vite/deps/chunk-PJEEZAML.js?v=2cc83882:520
[  619132ms] [ERROR] Warning: Maximum update depth exceeded. This can happen when a component calls setState inside useEffect, but useEffect either doesn't have a dependency array, or one of the dependencies changes on every render. @ http://localhost:3000/node_modules/.vite/deps/chunk-PJEEZAML.js?v=2cc83882:520
[  620055ms] [ERROR] Warning: Maximum update depth exceeded. This can happen when a component calls setState inside useEffect, but useEffect either doesn't have a dependency array, or one of the dependencies changes on every render. @ http://localhost:3000/node_modules/.vite/deps/chunk-PJEEZAML.js?v=2cc83882:520
[  620960ms] [ERROR] Warning: Maximum update depth exceeded. This can happen when a component calls setState inside useEffect, but useEffect either doesn't have a dependency array, or one of the dependencies changes on every render. @ http://localhost:3000/node_modules/.vite/deps/chunk-PJEEZAML.js?v=2cc83882:520
[  621997ms] [ERROR] Warning: Maximum update depth exceeded. This can happen when a component calls setState inside useEffect, but useEffect either doesn't have a dependency array, or one of the dependencies changes on every render. @ http://localhost:3000/node_modules/.vite/deps/chunk-PJEEZAML.js?v=2cc83882:520
[  623070ms] [ERROR] Warning: Maximum update depth exceeded. This can happen when a component calls setState inside useEffect, but useEffect either doesn't have a dependency array, or one of the dependencies changes on every render. @ http://localhost:3000/node_modules/.vite/deps/chunk-PJEEZAML.js?v=2cc83882:520
[  624118ms] [ERROR] Warning: Maximum update depth exceeded. This can happen when a component calls setState inside useEffect, but useEffect either doesn't have a dependency array, or one of the dependencies changes on every render. @ http://localhost:3000/node_modules/.vite/deps/chunk-PJEEZAML.js?v=2cc83882:520
[  625108ms] [ERROR] Warning: Maximum update depth exceeded. This can happen when a component calls setState inside useEffect, but useEffect either doesn't have a dependency array, or one of the dependencies changes on every render. @ http://localhost:3000/node_modules/.vite/deps/chunk-PJEEZAML.js?v=2cc83882:520
[  626076ms] [ERROR] Warning: Maximum update depth exceeded. This can happen when a component calls setState inside useEffect, but useEffect either doesn't have a dependency array, or one of the dependencies changes on every render. @ http://localhost:3000/node_modules/.vite/deps/chunk-PJEEZAML.js?v=2cc83882:520
[  627044ms] [ERROR] Warning: Maximum update depth exceeded. This can happen when a component calls setState inside useEffect, but useEffect either doesn't have a dependency array, or one of the dependencies changes on every render. @ http://localhost:3000/node_modules/.vite/deps/chunk-PJEEZAML.js?v=2cc83882:520
[  628271ms] [ERROR] Warning: Maximum update depth exceeded. This can happen when a component calls setState inside useEffect, but useEffect either doesn't have a dependency array, or one of the dependencies changes on every render. @ http://localhost:3000/node_modules/.vite/deps/chunk-PJEEZAML.js?v=2cc83882:520
[  629422ms] [ERROR] Warning: Maximum update depth exceeded. This can happen when a component calls setState inside useEffect, but useEffect either doesn't have a dependency array, or one of the dependencies changes on every render. @ http://localhost:3000/node_modules/.vite/deps/chunk-PJEEZAML.js?v=2cc83882:520
[  630443ms] [ERROR] Warning: Maximum update depth exceeded. This can happen when a component calls setState inside useEffect, but useEffect either doesn't have a dependency array, or one of the dependencies changes on every render. @ http://localhost:3000/node_modules/.vite/deps/chunk-PJEEZAML.js?v=2cc83882:520
[  631353ms] [ERROR] Warning: Maximum update depth exceeded. This can happen when a component calls setState inside useEffect, but useEffect either doesn't have a dependency array, or one of the dependencies changes on every render. @ http://localhost:3000/node_modules/.vite/deps/chunk-PJEEZAML.js?v=2cc83882:520
[  632322ms] [ERROR] Warning: Maximum update depth exceeded. This can happen when a component calls setState inside useEffect, but useEffect either doesn't have a dependency array, or one of the dependencies changes on every render. @ http://localhost:3000/node_modules/.vite/deps/chunk-PJEEZAML.js?v=2cc83882:520
[  633378ms] [ERROR] Warning: Maximum update depth exceeded. This can happen when a component calls setState inside useEffect, but useEffect either doesn't have a dependency array, or one of the dependencies changes on every render. @ http://localhost:3000/node_modules/.vite/deps/chunk-PJEEZAML.js?v=2cc83882:520
[  634383ms] [ERROR] Warning: Maximum update depth exceeded. This can happen when a component calls setState inside useEffect, but useEffect either doesn't have a dependency array, or one of the dependencies changes on every render. @ http://localhost:3000/node_modules/.vite/deps/chunk-PJEEZAML.js?v=2cc83882:520
[  635402ms] [ERROR] Warning: Maximum update depth exceeded. This can happen when a component calls setState inside useEffect, but useEffect either doesn't have a dependency array, or one of the dependencies changes on every render. @ http://localhost:3000/node_modules/.vite/deps/chunk-PJEEZAML.js?v=2cc83882:520
[  636396ms] [ERROR] Warning: Maximum update depth exceeded. This can happen when a component calls setState inside useEffect, but useEffect either doesn't have a dependency array, or one of the dependencies changes on every render. @ http://localhost:3000/node_modules/.vite/deps/chunk-PJEEZAML.js?v=2cc83882:520
[  637332ms] [ERROR] Warning: Maximum update depth exceeded. This can happen when a component calls setState inside useEffect, but useEffect either doesn't have a dependency array, or one of the dependencies changes on every render. @ http://localhost:3000/node_modules/.vite/deps/chunk-PJEEZAML.js?v=2cc83882:520
[  638159ms] [ERROR] Warning: Maximum update depth exceeded. This can happen when a component calls setState inside useEffect, but useEffect either doesn't have a dependency array, or one of the dependencies changes on every render. @ http://localhost:3000/node_modules/.vite/deps/chunk-PJEEZAML.js?v=2cc83882:520
[  639047ms] [ERROR] Warning: Maximum update depth exceeded. This can happen when a component calls setState inside useEffect, but useEffect either doesn't have a dependency array, or one of the dependencies changes on every render. @ http://localhost:3000/node_modules/.vite/deps/chunk-PJEEZAML.js?v=2cc83882:520
[  639891ms] [ERROR] Warning: Maximum update depth exceeded. This can happen when a component calls setState inside useEffect, but useEffect either doesn't have a dependency array, or one of the dependencies changes on every render. @ http://localhost:3000/node_modules/.vite/deps/chunk-PJEEZAML.js?v=2cc83882:520
[  640752ms] [ERROR] Warning: Maximum update depth exceeded. This can happen when a component calls setState inside useEffect, but useEffect either doesn't have a dependency array, or one of the dependencies changes on every render. @ http://localhost:3000/node_modules/.vite/deps/chunk-PJEEZAML.js?v=2cc83882:520
[  641563ms] [ERROR] Warning: Maximum update depth exceeded. This can happen when a component calls setState inside useEffect, but useEffect either doesn't have a dependency array, or one of the dependencies changes on every render. @ http://localhost:3000/node_modules/.vite/deps/chunk-PJEEZAML.js?v=2cc83882:520
[  642397ms] [ERROR] Warning: Maximum update depth exceeded. This can happen when a component calls setState inside useEffect, but useEffect either doesn't have a dependency array, or one of the dependencies changes on every render. @ http://localhost:3000/node_modules/.vite/deps/chunk-PJEEZAML.js?v=2cc83882:520
[  643224ms] [ERROR] Warning: Maximum update depth exceeded. This can happen when a component calls setState inside useEffect, but useEffect either doesn't have a dependency array, or one of the dependencies changes on every render. @ http://localhost:3000/node_modules/.vite/deps/chunk-PJEEZAML.js?v=2cc83882:520
[  644145ms] [ERROR] Warning: Maximum update depth exceeded. This can happen when a component calls setState inside useEffect, but useEffect either doesn't have a dependency array, or one of the dependencies changes on every render. @ http://localhost:3000/node_modules/.vite/deps/chunk-PJEEZAML.js?v=2cc83882:520
[  645120ms] [ERROR] Warning: Maximum update depth exceeded. This can happen when a component calls setState inside useEffect, but useEffect either doesn't have a dependency array, or one of the dependencies changes on every render. @ http://localhost:3000/node_modules/.vite/deps/chunk-PJEEZAML.js?v=2cc83882:520
[  645962ms] [ERROR] Warning: Maximum update depth exceeded. This can happen when a component calls setState inside useEffect, but useEffect either doesn't have a dependency array, or one of the dependencies changes on every render. @ http://localhost:3000/node_modules/.vite/deps/chunk-PJEEZAML.js?v=2cc83882:520
[  646924ms] [ERROR] Warning: Maximum update depth exceeded. This can happen when a component calls setState inside useEffect, but useEffect either doesn't have a dependency array, or one of the dependencies changes on every render. @ http://localhost:3000/node_modules/.vite/deps/chunk-PJEEZAML.js?v=2cc83882:520
[  648021ms] [ERROR] Warning: Maximum update depth exceeded. This can happen when a component calls setState inside useEffect, but useEffect either doesn't have a dependency array, or one of the dependencies changes on every render. @ http://localhost:3000/node_modules/.vite/deps/chunk-PJEEZAML.js?v=2cc83882:520
[  649096ms] [ERROR] Warning: Maximum update depth exceeded. This can happen when a component calls setState inside useEffect, but useEffect either doesn't have a dependency array, or one of the dependencies changes on every render. @ http://localhost:3000/node_modules/.vite/deps/chunk-PJEEZAML.js?v=2cc83882:520
[  650100ms] [ERROR] Warning: Maximum update depth exceeded. This can happen when a component calls setState inside useEffect, but useEffect either doesn't have a dependency array, or one of the dependencies changes on every render. @ http://localhost:3000/node_modules/.vite/deps/chunk-PJEEZAML.js?v=2cc83882:520
[  651026ms] [ERROR] Warning: Maximum update depth exceeded. This can happen when a component calls setState inside useEffect, but useEffect either doesn't have a dependency array, or one of the dependencies changes on every render. @ http://localhost:3000/node_modules/.vite/deps/chunk-PJEEZAML.js?v=2cc83882:520
[  652251ms] [ERROR] Warning: Maximum update depth exceeded. This can happen when a component calls setState inside useEffect, but useEffect either doesn't have a dependency array, or one of the dependencies changes on every render. @ http://localhost:3000/node_modules/.vite/deps/chunk-PJEEZAML.js?v=2cc83882:520
[  653289ms] [ERROR] Warning: Maximum update depth exceeded. This can happen when a component calls setState inside useEffect, but useEffect either doesn't have a dependency array, or one of the dependencies changes on every render. @ http://localhost:3000/node_modules/.vite/deps/chunk-PJEEZAML.js?v=2cc83882:520
[  654340ms] [ERROR] Warning: Maximum update depth exceeded. This can happen when a component calls setState inside useEffect, but useEffect either doesn't have a dependency array, or one of the dependencies changes on every render. @ http://localhost:3000/node_modules/.vite/deps/chunk-PJEEZAML.js?v=2cc83882:520
[  655437ms] [ERROR] Warning: Maximum update depth exceeded. This can happen when a component calls setState inside useEffect, but useEffect either doesn't have a dependency array, or one of the dependencies changes on every render. @ http://localhost:3000/node_modules/.vite/deps/chunk-PJEEZAML.js?v=2cc83882:520
[  656519ms] [ERROR] Warning: Maximum update depth exceeded. This can happen when a component calls setState inside useEffect, but useEffect either doesn't have a dependency array, or one of the dependencies changes on every render. @ http://localhost:3000/node_modules/.vite/deps/chunk-PJEEZAML.js?v=2cc83882:520
[  657609ms] [ERROR] Warning: Maximum update depth exceeded. This can happen when a component calls setState inside useEffect, but useEffect either doesn't have a dependency array, or one of the dependencies changes on every render. @ http://localhost:3000/node_modules/.vite/deps/chunk-PJEEZAML.js?v=2cc83882:520
[  658960ms] [ERROR] Warning: Maximum update depth exceeded. This can happen when a component calls setState inside useEffect, but useEffect either doesn't have a dependency array, or one of the dependencies changes on every render. @ http://localhost:3000/node_modules/.vite/deps/chunk-PJEEZAML.js?v=2cc83882:520
[  660200ms] [ERROR] Warning: Maximum update depth exceeded. This can happen when a component calls setState inside useEffect, but useEffect either doesn't have a dependency array, or one of the dependencies changes on every render. @ http://localhost:3000/node_modules/.vite/deps/chunk-PJEEZAML.js?v=2cc83882:520
[  661499ms] [ERROR] Warning: Maximum update depth exceeded. This can happen when a component calls setState inside useEffect, but useEffect either doesn't have a dependency array, or one of the dependencies changes on every render. @ http://localhost:3000/node_modules/.vite/deps/chunk-PJEEZAML.js?v=2cc83882:520
[  662425ms] [ERROR] Warning: Maximum update depth exceeded. This can happen when a component calls setState inside useEffect, but useEffect either doesn't have a dependency array, or one of the dependencies changes on every render. @ http://localhost:3000/node_modules/.vite/deps/chunk-PJEEZAML.js?v=2cc83882:520
[  663352ms] [ERROR] Warning: Maximum update depth exceeded. This can happen when a component calls setState inside useEffect, but useEffect either doesn't have a dependency array, or one of the dependencies changes on every render. @ http://localhost:3000/node_modules/.vite/deps/chunk-PJEEZAML.js?v=2cc83882:520
[  664354ms] [ERROR] Warning: Maximum update depth exceeded. This can happen when a component calls setState inside useEffect, but useEffect either doesn't have a dependency array, or one of the dependencies changes on every render. @ http://localhost:3000/node_modules/.vite/deps/chunk-PJEEZAML.js?v=2cc83882:520
[  665248ms] [ERROR] Warning: Maximum update depth exceeded. This can happen when a component calls setState inside useEffect, but useEffect either doesn't have a dependency array, or one of the dependencies changes on every render. @ http://localhost:3000/node_modules/.vite/deps/chunk-PJEEZAML.js?v=2cc83882:520
[  666204ms] [ERROR] Warning: Maximum update depth exceeded. This can happen when a component calls setState inside useEffect, but useEffect either doesn't have a dependency array, or one of the dependencies changes on every render. @ http://localhost:3000/node_modules/.vite/deps/chunk-PJEEZAML.js?v=2cc83882:520
[  667236ms] [ERROR] Warning: Maximum update depth exceeded. This can happen when a component calls setState inside useEffect, but useEffect either doesn't have a dependency array, or one of the dependencies changes on every render. @ http://localhost:3000/node_modules/.vite/deps/chunk-PJEEZAML.js?v=2cc83882:520
[  668293ms] [ERROR] Warning: Maximum update depth exceeded. This can happen when a component calls setState inside useEffect, but useEffect either doesn't have a dependency array, or one of the dependencies changes on every render. @ http://localhost:3000/node_modules/.vite/deps/chunk-PJEEZAML.js?v=2cc83882:520
[  669349ms] [ERROR] Warning: Maximum update depth exceeded. This can happen when a component calls setState inside useEffect, but useEffect either doesn't have a dependency array, or one of the dependencies changes on every render. @ http://localhost:3000/node_modules/.vite/deps/chunk-PJEEZAML.js?v=2cc83882:520
[  670240ms] [ERROR] Warning: Maximum update depth exceeded. This can happen when a component calls setState inside useEffect, but useEffect either doesn't have a dependency array, or one of the dependencies changes on every render. @ http://localhost:3000/node_modules/.vite/deps/chunk-PJEEZAML.js?v=2cc83882:520
[  671134ms] [ERROR] Warning: Maximum update depth exceeded. This can happen when a component calls setState inside useEffect, but useEffect either doesn't have a dependency array, or one of the dependencies changes on every render. @ http://localhost:3000/node_modules/.vite/deps/chunk-PJEEZAML.js?v=2cc83882:520
[  672112ms] [ERROR] Warning: Maximum update depth exceeded. This can happen when a component calls setState inside useEffect, but useEffect either doesn't have a dependency array, or one of the dependencies changes on every render. @ http://localhost:3000/node_modules/.vite/deps/chunk-PJEEZAML.js?v=2cc83882:520
[  673051ms] [ERROR] Warning: Maximum update depth exceeded. This can happen when a component calls setState inside useEffect, but useEffect either doesn't have a dependency array, or one of the dependencies changes on every render. @ http://localhost:3000/node_modules/.vite/deps/chunk-PJEEZAML.js?v=2cc83882:520
[  674086ms] [ERROR] Warning: Maximum update depth exceeded. This can happen when a component calls setState inside useEffect, but useEffect either doesn't have a dependency array, or one of the dependencies changes on every render. @ http://localhost:3000/node_modules/.vite/deps/chunk-PJEEZAML.js?v=2cc83882:520
[  675099ms] [ERROR] Warning: Maximum update depth exceeded. This can happen when a component calls setState inside useEffect, but useEffect either doesn't have a dependency array, or one of the dependencies changes on every render. @ http://localhost:3000/node_modules/.vite/deps/chunk-PJEEZAML.js?v=2cc83882:520
[  676082ms] [ERROR] Warning: Maximum update depth exceeded. This can happen when a component calls setState inside useEffect, but useEffect either doesn't have a dependency array, or one of the dependencies changes on every render. @ http://localhost:3000/node_modules/.vite/deps/chunk-PJEEZAML.js?v=2cc83882:520
[  677145ms] [ERROR] Warning: Maximum update depth exceeded. This can happen when a component calls setState inside useEffect, but useEffect either doesn't have a dependency array, or one of the dependencies changes on every render. @ http://localhost:3000/node_modules/.vite/deps/chunk-PJEEZAML.js?v=2cc83882:520
[  997193ms] [WARNING] ⚠️ React Router Future Flag Warning: React Router will begin wrapping state updates in `React.startTransition` in v7. You can use the `v7_startTransition` future flag to opt-in early. For more information, see https://reactrouter.com/v6/upgrading/future#v7_starttransition. @ http://localhost:3000/node_modules/.vite/deps/react-router-dom.js?v=2cc83882:4435
